2022-03-12 10:20:06.622  INFO 13556 --- [restartedMain] com.liang.blog.BlogApplication           : Starting BlogApplication using Java 17.0.2 on DESKTOP-E1KITJQ with PID 13556 (C:\Users\liang\Desktop\BLOG\blog\target\classes started by liang in C:\Users\liang\Desktop\BLOG\blog)
2022-03-12 10:20:06.624  INFO 13556 --- [restartedMain] com.liang.blog.BlogApplication           : The following 1 profile is active: "pro"
2022-03-12 10:20:07.597  WARN 13556 --- [restartedMain] JpaBaseConfiguration$JpaWebConfiguration : spring.jpa.open-in-view is enabled by default. Therefore, database queries may be performed during view rendering. Explicitly configure spring.jpa.open-in-view to disable this warning
2022-03-12 10:20:07.710  WARN 13556 --- [restartedMain] ion$DefaultTemplateResolverConfiguration : Cannot find template location: classpath:/templates/ (please add some templates or check your Thymeleaf configuration)
2022-03-12 10:20:07.822  INFO 13556 --- [restartedMain] com.liang.blog.BlogApplication           : Started BlogApplication in 1.31 seconds (JVM running for 108.634)
2022-03-12 10:21:24.882  INFO 13556 --- [restartedMain] com.liang.blog.BlogApplication           : Starting BlogApplication using Java 17.0.2 on DESKTOP-E1KITJQ with PID 13556 (C:\Users\liang\Desktop\BLOG\blog\target\classes started by liang in C:\Users\liang\Desktop\BLOG\blog)
2022-03-12 10:21:24.888  INFO 13556 --- [restartedMain] com.liang.blog.BlogApplication           : The following 1 profile is active: "pro"
2022-03-12 10:21:25.468  WARN 13556 --- [restartedMain] JpaBaseConfiguration$JpaWebConfiguration : spring.jpa.open-in-view is enabled by default. Therefore, database queries may be performed during view rendering. Explicitly configure spring.jpa.open-in-view to disable this warning
2022-03-12 10:21:25.572  WARN 13556 --- [restartedMain] ion$DefaultTemplateResolverConfiguration : Cannot find template location: classpath:/templates/ (please add some templates or check your Thymeleaf configuration)
2022-03-12 10:21:25.646  INFO 13556 --- [restartedMain] com.liang.blog.BlogApplication           : Started BlogApplication in 0.855 seconds (JVM running for 186.457)
2022-03-12 10:28:22.552  INFO 13556 --- [restartedMain] com.liang.blog.BlogApplication           : Starting BlogApplication using Java 17.0.2 on DESKTOP-E1KITJQ with PID 13556 (C:\Users\liang\Desktop\BLOG\blog\target\classes started by liang in C:\Users\liang\Desktop\BLOG\blog)
2022-03-12 10:28:22.554  INFO 13556 --- [restartedMain] com.liang.blog.BlogApplication           : The following 1 profile is active: "pro"
2022-03-12 10:28:22.967  WARN 13556 --- [restartedMain] JpaBaseConfiguration$JpaWebConfiguration : spring.jpa.open-in-view is enabled by default. Therefore, database queries may be performed during view rendering. Explicitly configure spring.jpa.open-in-view to disable this warning
2022-03-12 10:28:23.076  INFO 13556 --- [restartedMain] com.liang.blog.BlogApplication           : Started BlogApplication in 0.599 seconds (JVM running for 603.887)
2022-03-12 10:28:27.705  INFO 13556 --- [restartedMain] com.liang.blog.BlogApplication           : Starting BlogApplication using Java 17.0.2 on DESKTOP-E1KITJQ with PID 13556 (C:\Users\liang\Desktop\BLOG\blog\target\classes started by liang in C:\Users\liang\Desktop\BLOG\blog)
2022-03-12 10:28:27.709  INFO 13556 --- [restartedMain] com.liang.blog.BlogApplication           : The following 1 profile is active: "pro"
2022-03-12 10:28:28.035  WARN 13556 --- [restartedMain] JpaBaseConfiguration$JpaWebConfiguration : spring.jpa.open-in-view is enabled by default. Therefore, database queries may be performed during view rendering. Explicitly configure spring.jpa.open-in-view to disable this warning
2022-03-12 10:28:28.124  INFO 13556 --- [restartedMain] com.liang.blog.BlogApplication           : Started BlogApplication in 0.47 seconds (JVM running for 608.936)
2022-03-12 10:32:58.270  INFO 13556 --- [restartedMain] com.liang.blog.BlogApplication           : Starting BlogApplication using Java 17.0.2 on DESKTOP-E1KITJQ with PID 13556 (C:\Users\liang\Desktop\BLOG\blog\target\classes started by liang in C:\Users\liang\Desktop\BLOG\blog)
2022-03-12 10:32:58.274  INFO 13556 --- [restartedMain] com.liang.blog.BlogApplication           : The following 1 profile is active: "pro"
2022-03-12 10:32:58.679  WARN 13556 --- [restartedMain] JpaBaseConfiguration$JpaWebConfiguration : spring.jpa.open-in-view is enabled by default. Therefore, database queries may be performed during view rendering. Explicitly configure spring.jpa.open-in-view to disable this warning
2022-03-12 10:32:58.779  INFO 13556 --- [restartedMain] com.liang.blog.BlogApplication           : Started BlogApplication in 0.653 seconds (JVM running for 879.6)
